export const smallPlanAnalyze = `
[
    {
      "Plan": {
        "Node Type": "Limit",
        "Parallel Aware": false,
        "Startup Cost": 3.51,
        "Total Cost": 3.52,
        "Plan Rows": 5,
        "Plan Width": 48,
        "Actual Startup Time": 0.440,
        "Actual Total Time": 0.442,
        "Actual Rows": 5,
        "Actual Loops": 1,
        "Output": ["ml.aircraft_code", "((ml.model ->> bookings.lang()))"],
        "Shared Hit Blocks": 23,
        "Shared Read Blocks": 0,
        "Shared Dirtied Blocks": 0,
        "Shared Written Blocks": 0,
        "Local Hit Blocks": 0,
        "Local Read Blocks": 0,
        "Local Dirtied Blocks": 0,
        "Local Written Blocks": 0,
        "Temp Read Blocks": 0,
        "Temp Written Blocks": 0,
        "I/O Read Time": 0.000,
        "I/O Write Time": 0.000,
        "Plans": [
          {
            "Node Type": "Sort",
            "Parent Relationship": "Outer",
            "Parallel Aware": false,
            "Startup Cost": 3.51,
            "Total Cost": 3.53,
            "Plan Rows": 9,
            "Plan Width": 48,
            "Actual Startup Time": 0.436,
            "Actual Total Time": 0.437,
            "Actual Rows": 5,
            "Actual Loops": 1,
            "Output": ["ml.aircraft_code", "((ml.model ->> bookings.lang()))"],
            "Sort Key": ["((ml.model ->> bookings.lang()))"],
            "Sort Method": "quicksort",
            "Sort Space Used": 25,
            "Sort Space Type": "Memory",
            "Shared Hit Blocks": 23,
            "Shared Read Blocks": 0,
            "Shared Dirtied Blocks": 0,
            "Shared Written Blocks": 0,
            "Local Hit Blocks": 0,
            "Local Read Blocks": 0,
            "Local Dirtied Blocks": 0,
            "Local Written Blocks": 0,
            "Temp Read Blocks": 0,
            "Temp Written Blocks": 0,
            "I/O Read Time": 0.000,
            "I/O Write Time": 0.000,
            "Plans": [
              {
                "Node Type": "Seq Scan",
                "Parent Relationship": "Outer",
                "Parallel Aware": false,
                "Relation Name": "aircrafts_data",
                "Schema": "bookings",
                "Alias": "ml",
                "Startup Cost": 0.00,
                "Total Cost": 3.36,
                "Plan Rows": 9,
                "Plan Width": 48,
                "Actual Startup Time": 0.329,
                "Actual Total Time": 0.400,
                "Actual Rows": 9,
                "Actual Loops": 1,
                "Output": ["ml.aircraft_code", "(ml.model ->> bookings.lang())"],
                "Shared Hit Blocks": 20,
                "Shared Read Blocks": 0,
                "Shared Dirtied Blocks": 0,
                "Shared Written Blocks": 0,
                "Local Hit Blocks": 0,
                "Local Read Blocks": 0,
                "Local Dirtied Blocks": 0,
                "Local Written Blocks": 0,
                "Temp Read Blocks": 0,
                "Temp Written Blocks": 0,
                "I/O Read Time": 0.000,
                "I/O Write Time": 0.000
              }
            ]
          }
        ]
      },
      "Planning": {
        "Shared Hit Blocks": 87,
        "Shared Read Blocks": 0,
        "Shared Dirtied Blocks": 0,
        "Shared Written Blocks": 0,
        "Local Hit Blocks": 0,
        "Local Read Blocks": 0,
        "Local Dirtied Blocks": 0,
        "Local Written Blocks": 0,
        "Temp Read Blocks": 0,
        "Temp Written Blocks": 0,
        "I/O Read Time": 0.000,
        "I/O Write Time": 0.000
      },
      "Planning Time": 0.365,
      "Triggers": [
      ],
      "Execution Time": 1.264
    }
  ]
`;
